0 info it worked if it ends with ok
1 verbose cli [ 'C:\\Program Files\\nodejs\\node.exe',
1 verbose cli   'C:\\Program Files\\nodejs\\node_modules\\npm\\bin\\npm-cli.js',
1 verbose cli   'run',
1 verbose cli   'debug' ]
2 info using npm@3.10.10
3 info using node@v6.10.2
4 verbose run-script [ 'predebug', 'debug', 'postdebug' ]
5 info lifecycle server@1.0.0~predebug: server@1.0.0
6 silly lifecycle server@1.0.0~predebug: no script for predebug, continuing
7 info lifecycle server@1.0.0~debug: server@1.0.0
8 verbose lifecycle server@1.0.0~debug: unsafe-perm in lifecycle true
9 verbose lifecycle server@1.0.0~debug: PATH: C:\Program Files\nodejs\node_modules\npm\bin\node-gyp-bin;C:\source\codeworks\rland\server\node_modules\.bin;C:\Users\jscott321\AppData\Roaming\npm;C:\Program Files\nodejs\;C:\Program Files (x86)\Intel\iCLS Client\;C:\Program Files\Intel\iCLS Client\;C:\WINDOWS\system32;C:\WINDOWS;C:\WINDOWS\System32\Wbem;C:\WINDOWS\System32\WindowsPowerShell\v1.0\;C:\Program Files (x86)\Intel\OpenCL SDK\2.0\bin\x86;C:\Program Files (x86)\Intel\OpenCL SDK\2.0\bin\x64;C:\Program Files\Intel\Intel(R) Management Engine Components\DAL;C:\Program Files\Intel\Intel(R) Management Engine Components\IPT;C:\Program Files (x86)\Intel\Intel(R) Management Engine Components\DAL;C:\Program Files (x86)\Intel\Intel(R) Management Engine Components\IPT;C:\Program Files (x86)\EgisTec MyWinLocker\x64;C:\Program Files (x86)\EgisTec MyWinLocker\;C:\Program Files\nodejs\;C:\Program Files\dotnet\;C:\Program Files\Git\cmd;C:\Program Files\Git\mingw64\bin;C:\Program Files\Git\usr\bin;;C:\Program Files (x86)\Microsoft VS Code\bin;C:\Users\jscott321\AppData\Roaming\npm
10 verbose lifecycle server@1.0.0~debug: CWD: C:\source\codeworks\rland\server
11 silly lifecycle server@1.0.0~debug: Args: [ '/d /s /c', 'babel-node --presets es2015 --inspect index.js' ]
12 silly lifecycle server@1.0.0~debug: Returned: code: 1  signal: null
13 info lifecycle server@1.0.0~debug: Failed to exec debug script
14 verbose stack Error: server@1.0.0 debug: `babel-node --presets es2015 --inspect index.js`
14 verbose stack Exit status 1
14 verbose stack     at EventEmitter.<anonymous> (C:\Program Files\nodejs\node_modules\npm\lib\utils\lifecycle.js:255:16)
14 verbose stack     at emitTwo (events.js:106:13)
14 verbose stack     at EventEmitter.emit (events.js:191:7)
14 verbose stack     at ChildProcess.<anonymous> (C:\Program Files\nodejs\node_modules\npm\lib\utils\spawn.js:40:14)
14 verbose stack     at emitTwo (events.js:106:13)
14 verbose stack     at ChildProcess.emit (events.js:191:7)
14 verbose stack     at maybeClose (internal/child_process.js:886:16)
14 verbose stack     at Process.ChildProcess._handle.onexit (internal/child_process.js:226:5)
15 verbose pkgid server@1.0.0
16 verbose cwd C:\source\codeworks\rland\server
17 error Windows_NT 6.3.9600
18 error argv "C:\\Program Files\\nodejs\\node.exe" "C:\\Program Files\\nodejs\\node_modules\\npm\\bin\\npm-cli.js" "run" "debug"
19 error node v6.10.2
20 error npm  v3.10.10
21 error code ELIFECYCLE
22 error server@1.0.0 debug: `babel-node --presets es2015 --inspect index.js`
22 error Exit status 1
23 error Failed at the server@1.0.0 debug script 'babel-node --presets es2015 --inspect index.js'.
23 error Make sure you have the latest version of node.js and npm installed.
23 error If you do, this is most likely a problem with the server package,
23 error not with npm itself.
23 error Tell the author that this fails on your system:
23 error     babel-node --presets es2015 --inspect index.js
23 error You can get information on how to open an issue for this project with:
23 error     npm bugs server
23 error Or if that isn't available, you can get their info via:
23 error     npm owner ls server
23 error There is likely additional logging output above.
24 verbose exit [ 1, true ]
